    OpenRGB v0.9
    Commit:  from 
    Launched: 20250120_145202
====================================================================================================

0     |Info:    Found file: Purple.orp attempting to validate header
0     |Info:    Valid v4 profile found for Purple
1001  |Info:    ------------------------------------------------------
1001  |Info:    |               Start device detection               |
1001  |Info:    ------------------------------------------------------
1001  |Info:    Initializing HID interfaces: Success
1007  |Info:    ------------------------------------------------------
1007  |Info:    |             Detecting I2C interfaces               |
1007  |Info:    ------------------------------------------------------
1007  |Info:    Registering I2C interface: /dev/i2c-3 Device 1002:73DF Subsystem: 1EAE:6710
1007  |Info:    Registering I2C interface: /dev/i2c-10 Device 1022:790B Subsystem: 1043:87C0
1007  |Info:    Registering I2C interface: /dev/i2c-1 Device 1002:73DF Subsystem: 1EAE:6710
1007  |Warning: [i2c_smbus_linux] Failed to read i2c device PCI device ID
1007  |Info:    Registering I2C interface: /dev/i2c-8 Device 0000:0000 Subsystem: 0000:0000
1007  |Info:    Registering I2C interface: /dev/i2c-6 Device 1002:73DF Subsystem: 1EAE:6710
1007  |Info:    Registering I2C interface: /dev/i2c-4 Device 1002:73DF Subsystem: 1EAE:6710
1008  |Info:    Registering I2C interface: /dev/i2c-11 Device 1022:790B Subsystem: 1043:87C0
1008  |Info:    Registering I2C interface: /dev/i2c-2 Device 1002:73DF Subsystem: 1EAE:6710
1008  |Info:    Registering I2C interface: /dev/i2c-0 Device 0000:0000 Subsystem: 0000:0000
1008  |Warning: [i2c_smbus_linux] Failed to read i2c device PCI device ID
1008  |Info:    Registering I2C interface: /dev/i2c-9 Device 0000:0000 Subsystem: 0000:0000
1008  |Warning: [i2c_smbus_linux] Failed to read i2c device PCI device ID
1008  |Info:    Registering I2C interface: /dev/i2c-7 Device 0000:0000 Subsystem: 0000:0000
1008  |Info:    Registering I2C interface: /dev/i2c-5 Device 1002:73DF Subsystem: 1EAE:6710
1008  |Info:    Registering I2C interface: /dev/i2c-12 Device 1022:790B Subsystem: 1043:87C0
1008  |Info:    ------------------------------------------------------
1008  |Info:    |               Detecting I2C devices                |
1008  |Info:    ------------------------------------------------------
1477  |Info:    [Corsair Vengeance Pro RGB] Registering RGB controller
1489  |Info:    [Corsair Vengeance Pro RGB] Registering RGB controller
2256  |Info:    ------------------------------------------------------
2256  |Info:    |               Detecting I2C PCI devices            |
2256  |Info:    ------------------------------------------------------
2257  |Info:    ------------------------------------------------------
2257  |Info:    |               Detecting HID devices                |
2257  |Info:    ------------------------------------------------------
2283  |Info:    [ASUS ROG STRIX B550-A GAMING] Registering RGB controller
2704  |Info:    [G502 HERO Gaming Mouse] Registering RGB controller
2704  |Info:    ------------------------------------------------------
2704  |Info:    |            Detecting libusb HID devices            |
2704  |Info:    ------------------------------------------------------
2748  |Info:    ------------------------------------------------------
2748  |Info:    |              Detecting other devices               |
2748  |Info:    ------------------------------------------------------
2753  |Info:    ------------------------------------------------------
2753  |Info:    |                Detection completed                 |
2753  |Info:    ------------------------------------------------------
374041|Info:    ------------------------------------------------------
374041|Info:    |               Start device detection               |
374041|Info:    ------------------------------------------------------
374041|Info:    Initializing HID interfaces: Success
374046|Info:    ------------------------------------------------------
374046|Info:    |             Detecting I2C interfaces               |
374046|Info:    ------------------------------------------------------
374046|Info:    Registering I2C interface: /dev/i2c-3 Device 1002:73DF Subsystem: 1EAE:6710
374046|Info:    Registering I2C interface: /dev/i2c-10 Device 1022:790B Subsystem: 1043:87C0
374046|Info:    Registering I2C interface: /dev/i2c-1 Device 1002:73DF Subsystem: 1EAE:6710
374046|Warning: [i2c_smbus_linux] Failed to read i2c device PCI device ID
374046|Info:    Registering I2C interface: /dev/i2c-8 Device 0000:0000 Subsystem: 0000:0000
374046|Info:    Registering I2C interface: /dev/i2c-6 Device 1002:73DF Subsystem: 1EAE:6710
374046|Info:    Registering I2C interface: /dev/i2c-4 Device 1002:73DF Subsystem: 1EAE:6710
374046|Info:    Registering I2C interface: /dev/i2c-11 Device 1022:790B Subsystem: 1043:87C0
374046|Info:    Registering I2C interface: /dev/i2c-2 Device 1002:73DF Subsystem: 1EAE:6710
374046|Info:    Registering I2C interface: /dev/i2c-0 Device 0000:0000 Subsystem: 0000:0000
374046|Warning: [i2c_smbus_linux] Failed to read i2c device PCI device ID
374046|Info:    Registering I2C interface: /dev/i2c-9 Device 0000:0000 Subsystem: 0000:0000
374046|Warning: [i2c_smbus_linux] Failed to read i2c device PCI device ID
374046|Info:    Registering I2C interface: /dev/i2c-7 Device 0000:0000 Subsystem: 0000:0000
374046|Info:    Registering I2C interface: /dev/i2c-5 Device 1002:73DF Subsystem: 1EAE:6710
374046|Info:    Registering I2C interface: /dev/i2c-12 Device 1022:790B Subsystem: 1043:87C0
374046|Info:    ------------------------------------------------------
374046|Info:    |               Detecting I2C devices                |
374046|Info:    ------------------------------------------------------
374501|Info:    [Corsair Vengeance Pro RGB] Registering RGB controller
374512|Info:    [Corsair Vengeance Pro RGB] Registering RGB controller
375297|Info:    ------------------------------------------------------
375297|Info:    |               Detecting I2C PCI devices            |
375297|Info:    ------------------------------------------------------
375297|Info:    ------------------------------------------------------
375297|Info:    |               Detecting HID devices                |
375297|Info:    ------------------------------------------------------
375321|Info:    [ASUS ROG STRIX B550-A GAMING] Registering RGB controller
375742|Info:    [G502 HERO Gaming Mouse] Registering RGB controller
375742|Info:    ------------------------------------------------------
375742|Info:    |            Detecting libusb HID devices            |
375742|Info:    ------------------------------------------------------
375782|Info:    ------------------------------------------------------
375782|Info:    |              Detecting other devices               |
375782|Info:    ------------------------------------------------------
375783|Info:    ------------------------------------------------------
375783|Info:    |                Detection completed                 |
375783|Info:    ------------------------------------------------------
644163|Info:    ------------------------------------------------------
644163|Info:    |               Start device detection               |
644163|Info:    ------------------------------------------------------
644163|Info:    Initializing HID interfaces: Success
644167|Info:    ------------------------------------------------------
644167|Info:    |             Detecting I2C interfaces               |
644167|Info:    ------------------------------------------------------
644167|Info:    Registering I2C interface: /dev/i2c-3 Device 1002:73DF Subsystem: 1EAE:6710
644168|Info:    Registering I2C interface: /dev/i2c-10 Device 1022:790B Subsystem: 1043:87C0
644168|Info:    Registering I2C interface: /dev/i2c-1 Device 1002:73DF Subsystem: 1EAE:6710
644168|Warning: [i2c_smbus_linux] Failed to read i2c device PCI device ID
644168|Info:    Registering I2C interface: /dev/i2c-8 Device 0000:0000 Subsystem: 0000:0000
644168|Info:    Registering I2C interface: /dev/i2c-6 Device 1002:73DF Subsystem: 1EAE:6710
644168|Info:    Registering I2C interface: /dev/i2c-4 Device 1002:73DF Subsystem: 1EAE:6710
644168|Info:    Registering I2C interface: /dev/i2c-11 Device 1022:790B Subsystem: 1043:87C0
644168|Info:    Registering I2C interface: /dev/i2c-2 Device 1002:73DF Subsystem: 1EAE:6710
644168|Info:    Registering I2C interface: /dev/i2c-0 Device 0000:0000 Subsystem: 0000:0000
644168|Warning: [i2c_smbus_linux] Failed to read i2c device PCI device ID
644168|Info:    Registering I2C interface: /dev/i2c-9 Device 0000:0000 Subsystem: 0000:0000
644197|Warning: [i2c_smbus_linux] Failed to read i2c device PCI device ID
644197|Info:    Registering I2C interface: /dev/i2c-7 Device 0000:0000 Subsystem: 0000:0000
644197|Info:    Registering I2C interface: /dev/i2c-5 Device 1002:73DF Subsystem: 1EAE:6710
644197|Info:    Registering I2C interface: /dev/i2c-12 Device 1022:790B Subsystem: 1043:87C0
644197|Info:    ------------------------------------------------------
644197|Info:    |               Detecting I2C devices                |
644197|Info:    ------------------------------------------------------
644692|Info:    [Corsair Vengeance Pro RGB] Registering RGB controller
644703|Info:    [Corsair Vengeance Pro RGB] Registering RGB controller
645479|Info:    ------------------------------------------------------
645479|Info:    |               Detecting I2C PCI devices            |
645479|Info:    ------------------------------------------------------
645480|Info:    ------------------------------------------------------
645480|Info:    |               Detecting HID devices                |
645480|Info:    ------------------------------------------------------
645502|Info:    [ASUS ROG STRIX B550-A GAMING] Registering RGB controller
645925|Info:    [G502 HERO Gaming Mouse] Registering RGB controller
645925|Info:    ------------------------------------------------------
645925|Info:    |            Detecting libusb HID devices            |
645925|Info:    ------------------------------------------------------
645964|Info:    ------------------------------------------------------
645964|Info:    |              Detecting other devices               |
645964|Info:    ------------------------------------------------------
645965|Info:    [Mechanical keyboard] Registering RGB controller
645965|Info:    ------------------------------------------------------
645965|Info:    |                Detection completed                 |
645965|Info:    ------------------------------------------------------
