    OpenRGB v0.9
    Commit:  from 
    Launched: 20250112_124354
====================================================================================================

0     |Info:    Found file: Purple.orp attempting to validate header
0     |Info:    Valid v4 profile found for Purple
1001  |Info:    ------------------------------------------------------
1001  |Info:    |               Start device detection               |
1001  |Info:    ------------------------------------------------------
1001  |Info:    Initializing HID interfaces: Success
1007  |Info:    ------------------------------------------------------
1007  |Info:    |             Detecting I2C interfaces               |
1007  |Info:    ------------------------------------------------------
1007  |Info:    Registering I2C interface: /dev/i2c-3 Device 1002:73DF Subsystem: 1EAE:6710
1007  |Info:    Registering I2C interface: /dev/i2c-10 Device 1022:790B Subsystem: 1043:87C0
1008  |Info:    Registering I2C interface: /dev/i2c-1 Device 1002:73DF Subsystem: 1EAE:6710
1008  |Warning: [i2c_smbus_linux] Failed to read i2c device PCI device ID
1008  |Info:    Registering I2C interface: /dev/i2c-8 Device 0000:0000 Subsystem: 0000:0000
1008  |Info:    Registering I2C interface: /dev/i2c-6 Device 1002:73DF Subsystem: 1EAE:6710
1008  |Info:    Registering I2C interface: /dev/i2c-4 Device 1002:73DF Subsystem: 1EAE:6710
1008  |Info:    Registering I2C interface: /dev/i2c-11 Device 1022:790B Subsystem: 1043:87C0
1008  |Info:    Registering I2C interface: /dev/i2c-2 Device 1002:73DF Subsystem: 1EAE:6710
1008  |Info:    Registering I2C interface: /dev/i2c-0 Device 0000:0000 Subsystem: 0000:0000
1008  |Warning: [i2c_smbus_linux] Failed to read i2c device PCI device ID
1008  |Info:    Registering I2C interface: /dev/i2c-9 Device 0000:0000 Subsystem: 0000:0000
1008  |Warning: [i2c_smbus_linux] Failed to read i2c device PCI device ID
1008  |Info:    Registering I2C interface: /dev/i2c-7 Device 0000:0000 Subsystem: 0000:0000
1008  |Info:    Registering I2C interface: /dev/i2c-5 Device 1002:73DF Subsystem: 1EAE:6710
1008  |Info:    Registering I2C interface: /dev/i2c-12 Device 1022:790B Subsystem: 1043:87C0
1008  |Info:    ------------------------------------------------------
1008  |Info:    |               Detecting I2C devices                |
1008  |Info:    ------------------------------------------------------
1438  |Info:    [Corsair Vengeance Pro RGB] Registering RGB controller
1450  |Info:    [Corsair Vengeance Pro RGB] Registering RGB controller
2236  |Info:    ------------------------------------------------------
2236  |Info:    |               Detecting I2C PCI devices            |
2236  |Info:    ------------------------------------------------------
2237  |Info:    ------------------------------------------------------
2237  |Info:    |               Detecting HID devices                |
2237  |Info:    ------------------------------------------------------
2315  |Info:    [ASUS ROG STRIX B550-A GAMING] Registering RGB controller
2737  |Info:    [G502 HERO Gaming Mouse] Registering RGB controller
2737  |Info:    ------------------------------------------------------
2737  |Info:    |            Detecting libusb HID devices            |
2737  |Info:    ------------------------------------------------------
2782  |Info:    ------------------------------------------------------
2782  |Info:    |              Detecting other devices               |
2782  |Info:    ------------------------------------------------------
2787  |Info:    ------------------------------------------------------
2787  |Info:    |                Detection completed                 |
2787  |Info:    ------------------------------------------------------
11974 |Info:    Profile loading: Succeeded for Corsair Vengeance Pro RGB @ I2C: /dev/i2c-10, address 0x5A
11974 |Info:    Profile loading: Succeeded for Corsair Vengeance Pro RGB @ I2C: /dev/i2c-10, address 0x5B
11974 |Info:    Profile loading: Succeeded for ASUS ROG STRIX B550-A GAMING @ HID: /dev/hidraw7
11974 |Info:    Profile loading: Succeeded for G502 HERO Gaming Mouse @ HID: /dev/hidraw6 (Receiver) 
Wireless Index: 255
