    OpenRGB v0.9
    Commit:  from 
    Launched: 20250211_145825
====================================================================================================

0     |Info:    Found file: Purple.orp attempting to validate header
0     |Info:    Valid v4 profile found for Purple
1006  |Info:    ------------------------------------------------------
1006  |Info:    |               Start device detection               |
1006  |Info:    ------------------------------------------------------
1006  |Info:    Initializing HID interfaces: Success
1011  |Info:    ------------------------------------------------------
1011  |Info:    |             Detecting I2C interfaces               |
1011  |Info:    ------------------------------------------------------
1011  |Info:    Registering I2C interface: /dev/i2c-3 Device 1002:73DF Subsystem: 1EAE:6710
1011  |Info:    Registering I2C interface: /dev/i2c-10 Device 1022:790B Subsystem: 1043:87C0
1011  |Info:    Registering I2C interface: /dev/i2c-1 Device 1002:73DF Subsystem: 1EAE:6710
1011  |Warning: [i2c_smbus_linux] Failed to read i2c device PCI device ID
1011  |Info:    Registering I2C interface: /dev/i2c-8 Device 0000:0000 Subsystem: 0000:0000
1011  |Info:    Registering I2C interface: /dev/i2c-6 Device 1002:73DF Subsystem: 1EAE:6710
1011  |Info:    Registering I2C interface: /dev/i2c-4 Device 1002:73DF Subsystem: 1EAE:6710
1011  |Info:    Registering I2C interface: /dev/i2c-11 Device 1022:790B Subsystem: 1043:87C0
1011  |Info:    Registering I2C interface: /dev/i2c-2 Device 1002:73DF Subsystem: 1EAE:6710
1012  |Info:    Registering I2C interface: /dev/i2c-0 Device 0000:0000 Subsystem: 0000:0000
1012  |Warning: [i2c_smbus_linux] Failed to read i2c device PCI device ID
1012  |Info:    Registering I2C interface: /dev/i2c-9 Device 0000:0000 Subsystem: 0000:0000
1012  |Warning: [i2c_smbus_linux] Failed to read i2c device PCI device ID
1012  |Info:    Registering I2C interface: /dev/i2c-7 Device 0000:0000 Subsystem: 0000:0000
1012  |Info:    Registering I2C interface: /dev/i2c-5 Device 1002:73DF Subsystem: 1EAE:6710
1012  |Info:    Registering I2C interface: /dev/i2c-12 Device 1022:790B Subsystem: 1043:87C0
1012  |Info:    ------------------------------------------------------
1012  |Info:    |               Detecting I2C devices                |
1012  |Info:    ------------------------------------------------------
1540  |Info:    [Corsair Vengeance Pro RGB] Registering RGB controller
1552  |Info:    [Corsair Vengeance Pro RGB] Registering RGB controller
2321  |Info:    ------------------------------------------------------
2321  |Info:    |               Detecting I2C PCI devices            |
2321  |Info:    ------------------------------------------------------
2321  |Info:    ------------------------------------------------------
2321  |Info:    |               Detecting HID devices                |
2321  |Info:    ------------------------------------------------------
2396  |Info:    [ASUS ROG STRIX B550-A GAMING] Registering RGB controller
2817  |Info:    [G502 HERO Gaming Mouse] Registering RGB controller
2817  |Info:    ------------------------------------------------------
2817  |Info:    |            Detecting libusb HID devices            |
2817  |Info:    ------------------------------------------------------
2882  |Info:    ------------------------------------------------------
2882  |Info:    |              Detecting other devices               |
2882  |Info:    ------------------------------------------------------
2886  |Info:    [Mechanical keyboard] Registering RGB controller
2887  |Info:    ------------------------------------------------------
2887  |Info:    |                Detection completed                 |
2887  |Info:    ------------------------------------------------------
2887  |Info:    Profile loading: Succeeded for Corsair Vengeance Pro RGB @ I2C: /dev/i2c-10, address 0x5A
2887  |Info:    Profile loading: Succeeded for Corsair Vengeance Pro RGB @ I2C: /dev/i2c-10, address 0x5B
2887  |Info:    Profile loading: Succeeded for ASUS ROG STRIX B550-A GAMING @ HID: /dev/hidraw7
2887  |Info:    Profile loading: Succeeded for G502 HERO Gaming Mouse @ HID: /dev/hidraw5 (Receiver) 
Wireless Index: 255
2887  |Info:    Profile loading: FAILED! for Mechanical keyboard @ COM: 00
