    OpenRGB v0.9
    Commit:  from 
    Launched: 20250209_111344
====================================================================================================

0     |Info:    Found file: Purple.orp attempting to validate header
0     |Info:    Valid v4 profile found for Purple
1005  |Info:    ------------------------------------------------------
1005  |Info:    |               Start device detection               |
1005  |Info:    ------------------------------------------------------
1005  |Info:    Initializing HID interfaces: Success
1010  |Info:    ------------------------------------------------------
1010  |Info:    |             Detecting I2C interfaces               |
1010  |Info:    ------------------------------------------------------
1010  |Info:    Registering I2C interface: /dev/i2c-3 Device 1002:73DF Subsystem: 1EAE:6710
1010  |Info:    Registering I2C interface: /dev/i2c-10 Device 1022:790B Subsystem: 1043:87C0
1010  |Info:    Registering I2C interface: /dev/i2c-1 Device 1002:73DF Subsystem: 1EAE:6710
1010  |Warning: [i2c_smbus_linux] Failed to read i2c device PCI device ID
1010  |Info:    Registering I2C interface: /dev/i2c-8 Device 0000:0000 Subsystem: 0000:0000
1010  |Info:    Registering I2C interface: /dev/i2c-6 Device 1002:73DF Subsystem: 1EAE:6710
1010  |Info:    Registering I2C interface: /dev/i2c-4 Device 1002:73DF Subsystem: 1EAE:6710
1011  |Info:    Registering I2C interface: /dev/i2c-11 Device 1022:790B Subsystem: 1043:87C0
1011  |Info:    Registering I2C interface: /dev/i2c-2 Device 1002:73DF Subsystem: 1EAE:6710
1011  |Info:    Registering I2C interface: /dev/i2c-0 Device 0000:0000 Subsystem: 0000:0000
1011  |Warning: [i2c_smbus_linux] Failed to read i2c device PCI device ID
1011  |Info:    Registering I2C interface: /dev/i2c-9 Device 0000:0000 Subsystem: 0000:0000
1011  |Warning: [i2c_smbus_linux] Failed to read i2c device PCI device ID
1011  |Info:    Registering I2C interface: /dev/i2c-7 Device 0000:0000 Subsystem: 0000:0000
1011  |Info:    Registering I2C interface: /dev/i2c-5 Device 1002:73DF Subsystem: 1EAE:6710
1011  |Info:    Registering I2C interface: /dev/i2c-12 Device 1022:790B Subsystem: 1043:87C0
1011  |Info:    ------------------------------------------------------
1011  |Info:    |               Detecting I2C devices                |
1011  |Info:    ------------------------------------------------------
1518  |Info:    [Corsair Vengeance Pro RGB] Registering RGB controller
1530  |Info:    [Corsair Vengeance Pro RGB] Registering RGB controller
2305  |Info:    ------------------------------------------------------
2305  |Info:    |               Detecting I2C PCI devices            |
2305  |Info:    ------------------------------------------------------
2306  |Info:    ------------------------------------------------------
2306  |Info:    |               Detecting HID devices                |
2306  |Info:    ------------------------------------------------------
2378  |Info:    [ASUS ROG STRIX B550-A GAMING] Registering RGB controller
2802  |Info:    [G502 HERO Gaming Mouse] Registering RGB controller
2802  |Info:    ------------------------------------------------------
2802  |Info:    |            Detecting libusb HID devices            |
2802  |Info:    ------------------------------------------------------
2867  |Info:    ------------------------------------------------------
2867  |Info:    |              Detecting other devices               |
2867  |Info:    ------------------------------------------------------
2872  |Info:    [Mechanical keyboard] Registering RGB controller
2872  |Info:    ------------------------------------------------------
2872  |Info:    |                Detection completed                 |
2872  |Info:    ------------------------------------------------------
2872  |Info:    Profile loading: Succeeded for Corsair Vengeance Pro RGB @ I2C: /dev/i2c-10, address 0x5A
2872  |Info:    Profile loading: Succeeded for Corsair Vengeance Pro RGB @ I2C: /dev/i2c-10, address 0x5B
2872  |Info:    Profile loading: Succeeded for ASUS ROG STRIX B550-A GAMING @ HID: /dev/hidraw7
2872  |Info:    Profile loading: Succeeded for G502 HERO Gaming Mouse @ HID: /dev/hidraw6 (Receiver) 
Wireless Index: 255
2872  |Info:    Profile loading: FAILED! for Mechanical keyboard @ COM: 00
