    OpenRGB v0.9
    Commit:  from 
    Launched: 20250203_144510
====================================================================================================

0     |Info:    Found file: Purple.orp attempting to validate header
0     |Info:    Valid v4 profile found for Purple
1001  |Info:    ------------------------------------------------------
1001  |Info:    |               Start device detection               |
1001  |Info:    ------------------------------------------------------
1001  |Info:    Initializing HID interfaces: Success
1006  |Info:    ------------------------------------------------------
1006  |Info:    |             Detecting I2C interfaces               |
1006  |Info:    ------------------------------------------------------
1006  |Info:    Registering I2C interface: /dev/i2c-3 Device 1002:73DF Subsystem: 1EAE:6710
1006  |Info:    Registering I2C interface: /dev/i2c-10 Device 1022:790B Subsystem: 1043:87C0
1006  |Info:    Registering I2C interface: /dev/i2c-1 Device 1002:73DF Subsystem: 1EAE:6710
1006  |Warning: [i2c_smbus_linux] Failed to read i2c device PCI device ID
1006  |Info:    Registering I2C interface: /dev/i2c-8 Device 0000:0000 Subsystem: 0000:0000
1006  |Info:    Registering I2C interface: /dev/i2c-6 Device 1002:73DF Subsystem: 1EAE:6710
1007  |Info:    Registering I2C interface: /dev/i2c-4 Device 1002:73DF Subsystem: 1EAE:6710
1007  |Info:    Registering I2C interface: /dev/i2c-11 Device 1022:790B Subsystem: 1043:87C0
1007  |Info:    Registering I2C interface: /dev/i2c-2 Device 1002:73DF Subsystem: 1EAE:6710
1007  |Info:    Registering I2C interface: /dev/i2c-0 Device 0000:0000 Subsystem: 0000:0000
1007  |Warning: [i2c_smbus_linux] Failed to read i2c device PCI device ID
1007  |Info:    Registering I2C interface: /dev/i2c-9 Device 0000:0000 Subsystem: 0000:0000
1007  |Warning: [i2c_smbus_linux] Failed to read i2c device PCI device ID
1007  |Info:    Registering I2C interface: /dev/i2c-7 Device 0000:0000 Subsystem: 0000:0000
1007  |Info:    Registering I2C interface: /dev/i2c-5 Device 1002:73DF Subsystem: 1EAE:6710
1007  |Info:    Registering I2C interface: /dev/i2c-12 Device 1022:790B Subsystem: 1043:87C0
1007  |Info:    ------------------------------------------------------
1007  |Info:    |               Detecting I2C devices                |
1007  |Info:    ------------------------------------------------------
1520  |Info:    [Corsair Vengeance Pro RGB] Registering RGB controller
1532  |Info:    [Corsair Vengeance Pro RGB] Registering RGB controller
2299  |Info:    ------------------------------------------------------
2299  |Info:    |               Detecting I2C PCI devices            |
2299  |Info:    ------------------------------------------------------
2299  |Info:    ------------------------------------------------------
2299  |Info:    |               Detecting HID devices                |
2299  |Info:    ------------------------------------------------------
2374  |Info:    [ASUS ROG STRIX B550-A GAMING] Registering RGB controller
2796  |Info:    [G502 HERO Gaming Mouse] Registering RGB controller
2796  |Info:    ------------------------------------------------------
2796  |Info:    |            Detecting libusb HID devices            |
2796  |Info:    ------------------------------------------------------
2862  |Info:    ------------------------------------------------------
2862  |Info:    |              Detecting other devices               |
2862  |Info:    ------------------------------------------------------
2866  |Info:    [Mechanical keyboard] Registering RGB controller
2867  |Info:    ------------------------------------------------------
2867  |Info:    |                Detection completed                 |
2867  |Info:    ------------------------------------------------------
2867  |Info:    Profile loading: Succeeded for Corsair Vengeance Pro RGB @ I2C: /dev/i2c-10, address 0x5A
2867  |Info:    Profile loading: Succeeded for Corsair Vengeance Pro RGB @ I2C: /dev/i2c-10, address 0x5B
2867  |Info:    Profile loading: Succeeded for ASUS ROG STRIX B550-A GAMING @ HID: /dev/hidraw7
2867  |Info:    Profile loading: Succeeded for G502 HERO Gaming Mouse @ HID: /dev/hidraw6 (Receiver) 
Wireless Index: 255
2867  |Info:    Profile loading: FAILED! for Mechanical keyboard @ COM: 00
