    OpenRGB v0.9
    Commit:  from 
    Launched: 20241231_004112
====================================================================================================

1001  |Info:    ------------------------------------------------------
1001  |Info:    |               Start device detection               |
1001  |Info:    ------------------------------------------------------
1001  |Info:    Initializing HID interfaces: Success
1006  |Info:    ------------------------------------------------------
1006  |Info:    |             Detecting I2C interfaces               |
1006  |Info:    ------------------------------------------------------
1007  |Info:    Registering I2C interface: /dev/i2c-3 Device 1002:73DF Subsystem: 1EAE:6710
1007  |Info:    Registering I2C interface: /dev/i2c-10 Device 1022:790B Subsystem: 1043:87C0
1007  |Info:    Registering I2C interface: /dev/i2c-1 Device 1002:73DF Subsystem: 1EAE:6710
1007  |Warning: [i2c_smbus_linux] Failed to read i2c device PCI device ID
1007  |Info:    Registering I2C interface: /dev/i2c-8 Device 0000:0000 Subsystem: 0000:0000
1007  |Info:    Registering I2C interface: /dev/i2c-6 Device 1002:73DF Subsystem: 1EAE:6710
1007  |Info:    Registering I2C interface: /dev/i2c-4 Device 1002:73DF Subsystem: 1EAE:6710
1007  |Info:    Registering I2C interface: /dev/i2c-11 Device 1022:790B Subsystem: 1043:87C0
1007  |Info:    Registering I2C interface: /dev/i2c-2 Device 1002:73DF Subsystem: 1EAE:6710
1007  |Info:    Registering I2C interface: /dev/i2c-0 Device 0000:0000 Subsystem: 0000:0000
1007  |Warning: [i2c_smbus_linux] Failed to read i2c device PCI device ID
1007  |Info:    Registering I2C interface: /dev/i2c-9 Device 0000:0000 Subsystem: 0000:0000
1007  |Warning: [i2c_smbus_linux] Failed to read i2c device PCI device ID
1007  |Info:    Registering I2C interface: /dev/i2c-7 Device 0000:0000 Subsystem: 0000:0000
1007  |Info:    Registering I2C interface: /dev/i2c-5 Device 1002:73DF Subsystem: 1EAE:6710
1007  |Info:    Registering I2C interface: /dev/i2c-12 Device 1022:790B Subsystem: 1043:87C0
1007  |Info:    ------------------------------------------------------
1007  |Info:    |               Detecting I2C devices                |
1007  |Info:    ------------------------------------------------------
1512  |Info:    [Corsair Vengeance Pro RGB] Registering RGB controller
1523  |Info:    [Corsair Vengeance Pro RGB] Registering RGB controller
2300  |Info:    ------------------------------------------------------
2300  |Info:    |               Detecting I2C PCI devices            |
2300  |Info:    ------------------------------------------------------
2300  |Info:    ------------------------------------------------------
2300  |Info:    |               Detecting HID devices                |
2300  |Info:    ------------------------------------------------------
2376  |Info:    [ASUS ROG STRIX B550-A GAMING] Registering RGB controller
2798  |Info:    [G502 HERO Gaming Mouse] Registering RGB controller
2798  |Info:    ------------------------------------------------------
2798  |Info:    |            Detecting libusb HID devices            |
2798  |Info:    ------------------------------------------------------
2842  |Info:    ------------------------------------------------------
2842  |Info:    |              Detecting other devices               |
2842  |Info:    ------------------------------------------------------
2846  |Info:    ------------------------------------------------------
2846  |Info:    |                Detection completed                 |
2846  |Info:    ------------------------------------------------------
175606|Info:    Found file: Purple.orp attempting to validate header
175607|Info:    Valid v4 profile found for Purple
