    OpenRGB v0.9
    Commit:  from 
    Launched: 20250120_200408
====================================================================================================

0     |Info:    Found file: Purple.orp attempting to validate header
0     |Info:    Valid v4 profile found for Purple
1001  |Info:    ------------------------------------------------------
1001  |Info:    |               Start device detection               |
1001  |Info:    ------------------------------------------------------
1001  |Info:    Initializing HID interfaces: Success
1007  |Info:    ------------------------------------------------------
1007  |Info:    |             Detecting I2C interfaces               |
1007  |Info:    ------------------------------------------------------
1008  |Info:    Registering I2C interface: /dev/i2c-3 Device 1002:73DF Subsystem: 1EAE:6710
1008  |Info:    Registering I2C interface: /dev/i2c-10 Device 1022:790B Subsystem: 1043:87C0
1008  |Info:    Registering I2C interface: /dev/i2c-1 Device 1002:73DF Subsystem: 1EAE:6710
1008  |Warning: [i2c_smbus_linux] Failed to read i2c device PCI device ID
1008  |Info:    Registering I2C interface: /dev/i2c-8 Device 0000:0000 Subsystem: 0000:0000
1008  |Info:    Registering I2C interface: /dev/i2c-6 Device 1002:73DF Subsystem: 1EAE:6710
1008  |Info:    Registering I2C interface: /dev/i2c-4 Device 1002:73DF Subsystem: 1EAE:6710
1008  |Info:    Registering I2C interface: /dev/i2c-11 Device 1022:790B Subsystem: 1043:87C0
1008  |Info:    Registering I2C interface: /dev/i2c-2 Device 1002:73DF Subsystem: 1EAE:6710
1008  |Info:    Registering I2C interface: /dev/i2c-0 Device 0000:0000 Subsystem: 0000:0000
1008  |Warning: [i2c_smbus_linux] Failed to read i2c device PCI device ID
1009  |Info:    Registering I2C interface: /dev/i2c-9 Device 0000:0000 Subsystem: 0000:0000
1009  |Warning: [i2c_smbus_linux] Failed to read i2c device PCI device ID
1009  |Info:    Registering I2C interface: /dev/i2c-7 Device 0000:0000 Subsystem: 0000:0000
1009  |Info:    Registering I2C interface: /dev/i2c-5 Device 1002:73DF Subsystem: 1EAE:6710
1009  |Info:    Registering I2C interface: /dev/i2c-12 Device 1022:790B Subsystem: 1043:87C0
1009  |Info:    ------------------------------------------------------
1009  |Info:    |               Detecting I2C devices                |
1009  |Info:    ------------------------------------------------------
1454  |Info:    [Corsair Vengeance Pro RGB] Registering RGB controller
1465  |Info:    [Corsair Vengeance Pro RGB] Registering RGB controller
2241  |Info:    ------------------------------------------------------
2241  |Info:    |               Detecting I2C PCI devices            |
2241  |Info:    ------------------------------------------------------
2242  |Info:    ------------------------------------------------------
2242  |Info:    |               Detecting HID devices                |
2242  |Info:    ------------------------------------------------------
2320  |Info:    [ASUS ROG STRIX B550-A GAMING] Registering RGB controller
2740  |Info:    [G502 HERO Gaming Mouse] Registering RGB controller
2740  |Info:    ------------------------------------------------------
2740  |Info:    |            Detecting libusb HID devices            |
2740  |Info:    ------------------------------------------------------
2784  |Info:    ------------------------------------------------------
2784  |Info:    |              Detecting other devices               |
2784  |Info:    ------------------------------------------------------
2788  |Info:    [Mechanical keyboard] Registering RGB controller
2789  |Info:    ------------------------------------------------------
2789  |Info:    |                Detection completed                 |
2789  |Info:    ------------------------------------------------------
