    OpenRGB v0.9
    Commit:  from 
    Launched: 20250203_142822
====================================================================================================

0     |Info:    Found file: Purple.orp attempting to validate header
0     |Info:    Valid v4 profile found for Purple
1004  |Info:    ------------------------------------------------------
1004  |Info:    |               Start device detection               |
1004  |Info:    ------------------------------------------------------
1004  |Info:    Initializing HID interfaces: Success
1008  |Info:    ------------------------------------------------------
1008  |Info:    |             Detecting I2C interfaces               |
1008  |Info:    ------------------------------------------------------
1008  |Info:    Registering I2C interface: /dev/i2c-3 Device 1002:73DF Subsystem: 1EAE:6710
1009  |Info:    Registering I2C interface: /dev/i2c-10 Device 1022:790B Subsystem: 1043:87C0
1009  |Info:    Registering I2C interface: /dev/i2c-1 Device 1002:73DF Subsystem: 1EAE:6710
1009  |Warning: [i2c_smbus_linux] Failed to read i2c device PCI device ID
1009  |Info:    Registering I2C interface: /dev/i2c-8 Device 0000:0000 Subsystem: 0000:0000
1009  |Info:    Registering I2C interface: /dev/i2c-6 Device 1002:73DF Subsystem: 1EAE:6710
1009  |Info:    Registering I2C interface: /dev/i2c-4 Device 1002:73DF Subsystem: 1EAE:6710
1009  |Info:    Registering I2C interface: /dev/i2c-11 Device 1022:790B Subsystem: 1043:87C0
1009  |Info:    Registering I2C interface: /dev/i2c-2 Device 1002:73DF Subsystem: 1EAE:6710
1009  |Info:    Registering I2C interface: /dev/i2c-0 Device 0000:0000 Subsystem: 0000:0000
1009  |Warning: [i2c_smbus_linux] Failed to read i2c device PCI device ID
1009  |Info:    Registering I2C interface: /dev/i2c-9 Device 0000:0000 Subsystem: 0000:0000
1009  |Warning: [i2c_smbus_linux] Failed to read i2c device PCI device ID
1009  |Info:    Registering I2C interface: /dev/i2c-7 Device 0000:0000 Subsystem: 0000:0000
1009  |Info:    Registering I2C interface: /dev/i2c-5 Device 1002:73DF Subsystem: 1EAE:6710
1009  |Info:    Registering I2C interface: /dev/i2c-12 Device 1022:790B Subsystem: 1043:87C0
1009  |Info:    ------------------------------------------------------
1009  |Info:    |               Detecting I2C devices                |
1009  |Info:    ------------------------------------------------------
1542  |Info:    [Corsair Vengeance Pro RGB] Registering RGB controller
1554  |Info:    [Corsair Vengeance Pro RGB] Registering RGB controller
2324  |Info:    ------------------------------------------------------
2324  |Info:    |               Detecting I2C PCI devices            |
2324  |Info:    ------------------------------------------------------
2324  |Info:    ------------------------------------------------------
2324  |Info:    |               Detecting HID devices                |
2324  |Info:    ------------------------------------------------------
2400  |Info:    [ASUS ROG STRIX B550-A GAMING] Registering RGB controller
2822  |Info:    [G502 HERO Gaming Mouse] Registering RGB controller
2822  |Info:    ------------------------------------------------------
2822  |Info:    |            Detecting libusb HID devices            |
2822  |Info:    ------------------------------------------------------
2887  |Info:    ------------------------------------------------------
2887  |Info:    |              Detecting other devices               |
2887  |Info:    ------------------------------------------------------
2891  |Info:    [Mechanical keyboard] Registering RGB controller
2892  |Info:    ------------------------------------------------------
2892  |Info:    |                Detection completed                 |
2892  |Info:    ------------------------------------------------------
2892  |Info:    Profile loading: Succeeded for Corsair Vengeance Pro RGB @ I2C: /dev/i2c-10, address 0x5A
2892  |Info:    Profile loading: Succeeded for Corsair Vengeance Pro RGB @ I2C: /dev/i2c-10, address 0x5B
2892  |Info:    Profile loading: Succeeded for ASUS ROG STRIX B550-A GAMING @ HID: /dev/hidraw7
2892  |Info:    Profile loading: Succeeded for G502 HERO Gaming Mouse @ HID: /dev/hidraw6 (Receiver) 
Wireless Index: 255
2892  |Info:    Profile loading: FAILED! for Mechanical keyboard @ COM: 00
