2025-01-01 23:14:59 Loading main app package /usr/lib/obsidian/obsidian.asar
2025-01-01 23:15:00 Checking for update using Github
2025-01-01 23:15:00 Success.
2025-01-01 23:15:00 Latest version is 1.7.7
2025-01-01 23:15:00 App is up to date.
2025-01-14 22:01:37 Loading main app package /usr/lib/obsidian/obsidian.asar
2025-01-14 22:01:37 Checking for update using Github
2025-01-14 22:01:37 Success.
2025-01-14 22:01:37 Latest version is 1.7.7
2025-01-14 22:01:37 App is up to date.
2025-01-14 22:21:34 Loading main app package /usr/lib/obsidian/obsidian.asar
2025-01-14 22:21:34 Checking for update using Github
2025-01-14 22:21:34 Success.
2025-01-14 22:21:34 Latest version is 1.7.7
2025-01-14 22:21:34 App is up to date.
2025-01-14 22:29:44 Loading main app package /usr/lib/obsidian/obsidian.asar
2025-01-14 22:29:44 Checking for update using Github
2025-01-14 22:29:44 Success.
2025-01-14 22:29:44 Latest version is 1.7.7
2025-01-14 22:29:44 App is up to date.
2025-01-14 23:05:18 Loading main app package /usr/lib/obsidian/obsidian.asar
2025-01-14 23:05:19 Checking for update using Github
2025-01-14 23:05:19 Success.
2025-01-14 23:05:19 Latest version is 1.7.7
2025-01-14 23:05:19 App is up to date.
2025-01-14 23:06:34 Loading main app package /usr/lib/obsidian/obsidian.asar
2025-01-14 23:06:35 Checking for update using Github
2025-01-14 23:06:35 Success.
2025-01-14 23:06:35 Latest version is 1.7.7
2025-01-14 23:06:35 App is up to date.
2025-02-24 21:12:08 Loading main app package /usr/lib/obsidian/obsidian.asar
2025-02-24 21:12:08 Checking for update using Github
2025-02-24 21:12:09 Success.
2025-02-24 21:12:09 Latest version is 1.8.7
2025-02-24 21:12:09 App is up to date.
2025-02-24 21:20:38 Loading main app package /usr/lib/obsidian/obsidian.asar
2025-02-24 21:20:38 Checking for update using Github
2025-02-24 21:20:38 Success.
2025-02-24 21:20:38 Latest version is 1.8.7
2025-02-24 21:20:38 App is up to date.
2025-02-25 17:45:11 Loading main app package /usr/lib/obsidian/obsidian.asar
2025-02-25 17:45:12 Checking for update using Github
2025-02-25 17:45:12 Success.
2025-02-25 17:45:12 Latest version is 1.8.7
2025-02-25 17:45:12 App is up to date.
2025-02-25 18:20:32 Loading main app package /usr/lib/obsidian/obsidian.asar
2025-02-25 18:20:32 Checking for update using Github
2025-02-25 18:20:32 Success.
2025-02-25 18:20:32 Latest version is 1.8.7
2025-02-25 18:20:32 App is up to date.
2025-02-25 18:35:01 Loading main app package /usr/lib/obsidian/obsidian.asar
2025-02-25 18:35:01 Checking for update using Github
2025-02-25 18:35:01 Success.
2025-02-25 18:35:01 Latest version is 1.8.7
2025-02-25 18:35:01 App is up to date.
2025-03-02 16:04:08 Loading main app package /usr/lib/obsidian/obsidian.asar
2025-03-02 16:04:08 Checking for update using Github
2025-03-02 16:04:08 Success.
2025-03-02 16:04:08 Latest version is 1.8.7
2025-03-02 16:04:08 App is up to date.
